Build started 11/29/2013 4:34:14 PM.
     1>Project "C:\Users\juliew\Documents\GitHub\intel_occlusion_cull\SoftwareOcclusionCulling\CPUT\CPUT-DX11.vcxproj" on node 2 (Build target(s)).
     1>ClCompile:
         C:\Program Files (x86)\Microsoft Visual Studio 10.0\VC\bin\x86_amd64\CL.exe /c /Zi /nologo /W3 /WX- /MP /O2 /Oi /GL /D _UNICODE /D UNICODE /Gm- /EHsc /MT /GS /Gy /fp:precise /Zc:wchar_t /Zc:forScope /GR- /openmp- /Fo"x64\Profile\\" /Fd"x64\Profile\vc100.pdb" /Gd /TP /errorReport:prompt CPUT\CPUTAssetLibrary.cpp CPUT\CPUTAssetLibraryDX11.cpp CPUT\CPUTAssetSet.cpp CPUT\CPUTAssetSetDX11.cpp CPUT\CPUTBuffer.cpp CPUT\CPUTBufferDX11.cpp CPUT\CPUTButton.cpp CPUT\CPUTCheckbox.cpp CPUT\CPUTComputeShaderDX11.cpp CPUT\CPUTControl.cpp CPUT\CPUTDomainShaderDX11.cpp CPUT\CPUTDropdown.cpp CPUT\CPUTFont.cpp CPUT\CPUTFontDX11.cpp CPUT\CPUTFrustum.cpp CPUT\CPUTGeometryShaderDX11.cpp CPUT\CPUTGuiController.cpp CPUT\CPUTGuiControllerDX11.cpp CPUT\CPUTHullShaderDX11.cpp CPUT\CPUTITTTaskMarker.cpp CPUT\CPUTMaterial.cpp CPUT\CPUTMaterialDX11.cpp CPUT\CPUTMeshDX11.cpp CPUT\CPUTModel.cpp CPUT\CPUTModelDX11.cpp CPUT\CPUTNullNode.cpp CPUT\CPUTConfigBlock.cpp CPUT\CPUTPerfTaskMarker.cpp CPUT\CPUTPixelShaderDX11.cpp CPUT\CPUTPostProcess.cpp CPUT\CPUTRenderNode.cpp CPUT\CPUTRenderStateBlock.cpp CPUT\CPUTRenderStateBlockDX11.cpp CPUT\CPUTOSServicesWin.cpp CPUT\CPUTCamera.cpp CPUT\CPUTLight.cpp CPUT\CPUTRenderTarget.cpp CPUT\CPUTShaderDX11.cpp CPUT\CPUTSlider.cpp CPUT\CPUTSprite.cpp CPUT\CPUTText.cpp CPUT\CPUTTexture.cpp CPUT\CPUTTextureDX11.cpp CPUT\CPUTTimerWin.cpp CPUT\CPUTInputLayoutCacheDX11.cpp CPUT\CPUTMesh.cpp CPUT\CPUTVertexShaderDX11.cpp CPUT\CPUT_DX11.cpp CPUT\CPUTWindowWin.cpp
         CPUTAssetLibrary.cpp
         CPUTAssetLibraryDX11.cpp
         CPUTAssetSet.cpp
         CPUTAssetSetDX11.cpp
         CPUTBuffer.cpp
         CPUTBufferDX11.cpp
         CPUTButton.cpp
         CPUTCheckbox.cpp
         CPUTComputeShaderDX11.cpp
         CPUTControl.cpp
         CPUTDomainShaderDX11.cpp
         CPUTDropdown.cpp
         CPUTFont.cpp
         CPUTFontDX11.cpp
         CPUTFrustum.cpp
         CPUTGeometryShaderDX11.cpp
         CPUTGuiController.cpp
         CPUTGuiControllerDX11.cpp
         CPUTHullShaderDX11.cpp
         CPUTITTTaskMarker.cpp
         CPUTMaterial.cpp
         CPUTMaterialDX11.cpp
         CPUTMeshDX11.cpp
         CPUTModel.cpp
         CPUTModelDX11.cpp
         CPUTNullNode.cpp
         CPUTConfigBlock.cpp
         CPUTPerfTaskMarker.cpp
         CPUTPixelShaderDX11.cpp
         CPUTPostProcess.cpp
         CPUTRenderNode.cpp
         CPUTRenderStateBlock.cpp
         CPUTRenderStateBlockDX11.cpp
         CPUTOSServicesWin.cpp
         CPUTCamera.cpp
         CPUTLight.cpp
         CPUTRenderTarget.cpp
         CPUTShaderDX11.cpp
         CPUTSlider.cpp
         CPUTSprite.cpp
         CPUTText.cpp
         CPUTTexture.cpp
         CPUTTextureDX11.cpp
         CPUTTimerWin.cpp
         CPUTInputLayoutCacheDX11.cpp
         CPUTMesh.cpp
         CPUTVertexShaderDX11.cpp
         CPUT_DX11.cpp
         CPUTWindowWin.cpp
       Lib:
         C:\Program Files (x86)\Microsoft Visual Studio 10.0\VC\bin\x86_amd64\Lib.exe /OUT:"C:\Users\juliew\Documents\GitHub\intel_occlusion_cull\SoftwareOcclusionCulling\\lib\CPUT-DX11_64R.lib" /NOLOGO /LTCG x64\Profile\CPUTAssetLibrary.obj
         x64\Profile\CPUTAssetLibraryDX11.obj
         x64\Profile\CPUTAssetSet.obj
         x64\Profile\CPUTAssetSetDX11.obj
         x64\Profile\CPUTBuffer.obj
         x64\Profile\CPUTBufferDX11.obj
         x64\Profile\CPUTButton.obj
         x64\Profile\CPUTCheckbox.obj
         x64\Profile\CPUTComputeShaderDX11.obj
         x64\Profile\CPUTControl.obj
         x64\Profile\CPUTDomainShaderDX11.obj
         x64\Profile\CPUTDropdown.obj
         x64\Profile\CPUTFont.obj
         x64\Profile\CPUTFontDX11.obj
         x64\Profile\CPUTFrustum.obj
         x64\Profile\CPUTGeometryShaderDX11.obj
         x64\Profile\CPUTGuiController.obj
         x64\Profile\CPUTGuiControllerDX11.obj
         x64\Profile\CPUTHullShaderDX11.obj
         x64\Profile\CPUTITTTaskMarker.obj
         x64\Profile\CPUTMaterial.obj
         x64\Profile\CPUTMaterialDX11.obj
         x64\Profile\CPUTMeshDX11.obj
         x64\Profile\CPUTModel.obj
         x64\Profile\CPUTModelDX11.obj
         x64\Profile\CPUTNullNode.obj
         x64\Profile\CPUTConfigBlock.obj
         x64\Profile\CPUTPerfTaskMarker.obj
         x64\Profile\CPUTPixelShaderDX11.obj
         x64\Profile\CPUTPostProcess.obj
         x64\Profile\CPUTRenderNode.obj
         x64\Profile\CPUTRenderStateBlock.obj
         x64\Profile\CPUTRenderStateBlockDX11.obj
         x64\Profile\CPUTOSServicesWin.obj
         x64\Profile\CPUTCamera.obj
         x64\Profile\CPUTLight.obj
         x64\Profile\CPUTRenderTarget.obj
         x64\Profile\CPUTShaderDX11.obj
         x64\Profile\CPUTSlider.obj
         x64\Profile\CPUTSprite.obj
         x64\Profile\CPUTText.obj
         x64\Profile\CPUTTexture.obj
         x64\Profile\CPUTTextureDX11.obj
         x64\Profile\CPUTTimerWin.obj
         x64\Profile\CPUTInputLayoutCacheDX11.obj
         x64\Profile\CPUTMesh.obj
         x64\Profile\CPUTVertexShaderDX11.obj
         x64\Profile\CPUT_DX11.obj
         x64\Profile\CPUTWindowWin.obj
         CPUT-DX11.vcxproj -> C:\Users\juliew\Documents\GitHub\intel_occlusion_cull\SoftwareOcclusionCulling\\lib\CPUT-DX11_64R.lib
     1>Done Building Project "C:\Users\juliew\Documents\GitHub\intel_occlusion_cull\SoftwareOcclusionCulling\CPUT\CPUT-DX11.vcxproj" (Build target(s)).

Build succeeded.

Time Elapsed 00:00:08.99
