Build started 1/23/2014 1:44:07 PM.
     1>Project "C:\Users\juliew\Documents\GitHub\intel_occlusion_cull\SoftwareOcclusionCulling\SoftwareOcclusionCullingDX_2010.vcxproj" on node 2 (Build target(s)).
     1>ClCompile:
         C:\Program Files (x86)\Microsoft Visual Studio 10.0\VC\bin\x86_amd64\CL.exe /c /IC:\Users\juliew\Documents\GitHub\intel_occlusion_cull\SoftwareOcclusionCulling\\..\SampleComponentsDLL /Zi /nologo /W3 /WX- /O2 /Oi /GL /D WIN32 /D NDEBUG /D _WINDOWS /D _UNICODE /D UNICODE /Gm- /EHsc /MT /GS /Gy /fp:precise /Zc:wchar_t /Zc:forScope /Fo"x64\Release\\" /Fd"x64\Release\vc100.pdb" /Gd /TP /errorReport:prompt TransformedAABBoxSSE.cpp
         TransformedAABBoxSSE.cpp
       Link:
         C:\Program Files (x86)\Microsoft Visual Studio 10.0\VC\bin\x86_amd64\link.exe /ERRORREPORT:PROMPT /OUT:"C:\Users\juliew\Documents\GitHub\intel_occlusion_cull\SoftwareOcclusionCulling\SoftwareOcclusionCullingDX_2010_R64.exe" /INCREMENTAL:NO /NOLOGO /LIBPATH:C:\Users\juliew\Documents\GitHub\intel_occlusion_cull\SoftwareOcclusionCulling\..\SampleComponents\Middleware\TBB\lib\x64\Release d3d11.lib d3dcompiler.lib d3dx11.lib d3dx9.lib dxerr.lib dxguid.lib "CPUT-DX11_64R.lib" kernel32.lib user32.lib gdi32.lib winspool.lib comdlg32.lib advapi32.lib shell32.lib ole32.lib oleaut32.lib uuid.lib odbc32.lib odbccp32.lib SampleComponents.lib kernel32.lib user32.lib gdi32.lib winspool.lib comdlg32.lib advapi32.lib shell32.lib ole32.lib oleaut32.lib uuid.lib odbc32.lib odbccp32.lib /MANIFEST /ManifestFile:"x64\Release\SoftwareOcclusionCullingDX_2010_R64.exe.intermediate.manifest" /MANIFESTUAC:"level='asInvoker' uiAccess='false'" /DEBUG /PDB:"C:\Users\juliew\Documents\GitHub\intel_occlusion_cull\SoftwareOcclusionCulling\SoftwareOcclusionCullingDX_2010_R64.pdb" /SUBSYSTEM:WINDOWS /OPT:REF /OPT:ICF /LTCG /TLBID:1 /DYNAMICBASE /NXCOMPAT /IMPLIB:"C:\Users\juliew\Documents\GitHub\intel_occlusion_cull\SoftwareOcclusionCulling\SoftwareOcclusionCullingDX_2010_R64.lib" /MACHINE:X64 x64\Release\SoftwareOcclusionCullingDX_2010.res
         x64\Release\AABBoxRasterizer.obj
         x64\Release\AABBoxRasterizerScalar.obj
         x64\Release\AABBoxRasterizerScalarMT.obj
         x64\Release\AABBoxRasterizerScalarST.obj
         x64\Release\AABBoxRasterizerSSE.obj
         x64\Release\AABBoxRasterizerSSEMT.obj
         x64\Release\AABBoxRasterizerSSEST.obj
         x64\Release\DepthBufferRasterizer.obj
         x64\Release\DepthBufferRasterizerScalar.obj
         x64\Release\DepthBufferRasterizerScalarMT.obj
         x64\Release\DepthBufferRasterizerScalarST.obj
         x64\Release\DepthBufferRasterizerSSE.obj
         x64\Release\DepthBufferRasterizerSSEMT.obj
         x64\Release\DepthBufferRasterizerSSEST.obj
         x64\Release\HelperScalar.obj
         x64\Release\HelperSSE.obj
         x64\Release\main.obj
         x64\Release\SoftwareOcclusionCulling.obj
         x64\Release\TransformedAABBoxScalar.obj
         x64\Release\TransformedAABBoxSSE.obj
         x64\Release\TransformedMeshScalar.obj
         x64\Release\TransformedMeshSSE.obj
         x64\Release\TransformedModelScalar.obj
         x64\Release\TransformedModelSSE.obj
         Generating code
         Finished generating code
         SoftwareOcclusionCullingDX_2010.vcxproj -> C:\Users\juliew\Documents\GitHub\intel_occlusion_cull\SoftwareOcclusionCulling\SoftwareOcclusionCullingDX_2010_R64.exe
       Manifest:
         C:\Program Files (x86)\Microsoft SDKs\Windows\v7.0A\bin\mt.exe /nologo /verbose /outputresource:"C:\Users\juliew\Documents\GitHub\intel_occlusion_cull\SoftwareOcclusionCulling\SoftwareOcclusionCullingDX_2010_R64.exe;#1" /manifest x64\Release\SoftwareOcclusionCullingDX_2010_R64.exe.intermediate.manifest
     1>Done Building Project "C:\Users\juliew\Documents\GitHub\intel_occlusion_cull\SoftwareOcclusionCulling\SoftwareOcclusionCullingDX_2010.vcxproj" (Build target(s)).

Build succeeded.

Time Elapsed 00:00:15.25
