C:\USERS\JULIEW\DOCUMENTS\GITHUB\INTEL_OCCLUSION_CULL\SOFTWAREOCCLUSIONCULLING\X64\RELEASE\TRANSFORMEDAABBOXSSE.OBJ
C:\USERS\JULIEW\DOCUMENTS\GITHUB\INTEL_OCCLUSION_CULL\SOFTWAREOCCLUSIONCULLING\X64\RELEASE\TRANSFORMEDAABBOXSCALAR.OBJ
C:\USERS\JULIEW\DOCUMENTS\GITHUB\INTEL_OCCLUSION_CULL\SOFTWAREOCCLUSIONCULLING\X64\RELEASE\SOFTWAREOCCLUSIONCULLING.OBJ
C:\USERS\JULIEW\DOCUMENTS\GITHUB\INTEL_OCCLUSION_CULL\SOFTWAREOCCLUSIONCULLING\X64\RELEASE\MAIN.OBJ
C:\USERS\JULIEW\DOCUMENTS\GITHUB\INTEL_OCCLUSION_CULL\SOFTWAREOCCLUSIONCULLING\X64\RELEASE\HELPERSSE.OBJ
C:\USERS\JULIEW\DOCUMENTS\GITHUB\INTEL_OCCLUSION_CULL\SOFTWAREOCCLUSIONCULLING\X64\RELEASE\HELPERSCALAR.OBJ
C:\USERS\JULIEW\DOCUMENTS\GITHUB\INTEL_OCCLUSION_CULL\SOFTWAREOCCLUSIONCULLING\X64\RELEASE\DEPTHBUFFERRASTERIZERSSEST.OBJ
C:\USERS\JULIEW\DOCUMENTS\GITHUB\INTEL_OCCLUSION_CULL\SOFTWAREOCCLUSIONCULLING\X64\RELEASE\DEPTHBUFFERRASTERIZERSSEMT.OBJ
C:\USERS\JULIEW\DOCUMENTS\GITHUB\INTEL_OCCLUSION_CULL\SOFTWAREOCCLUSIONCULLING\X64\RELEASE\DEPTHBUFFERRASTERIZERSSE.OBJ
C:\USERS\JULIEW\DOCUMENTS\GITHUB\INTEL_OCCLUSION_CULL\SOFTWAREOCCLUSIONCULLING\X64\RELEASE\DEPTHBUFFERRASTERIZERSCALARST.OBJ
C:\USERS\JULIEW\DOCUMENTS\GITHUB\INTEL_OCCLUSION_CULL\SOFTWAREOCCLUSIONCULLING\X64\RELEASE\DEPTHBUFFERRASTERIZERSCALARMT.OBJ
C:\USERS\JULIEW\DOCUMENTS\GITHUB\INTEL_OCCLUSION_CULL\SOFTWAREOCCLUSIONCULLING\X64\RELEASE\DEPTHBUFFERRASTERIZERSCALAR.OBJ
C:\USERS\JULIEW\DOCUMENTS\GITHUB\INTEL_OCCLUSION_CULL\SOFTWAREOCCLUSIONCULLING\X64\RELEASE\DEPTHBUFFERRASTERIZER.OBJ
C:\USERS\JULIEW\DOCUMENTS\GITHUB\INTEL_OCCLUSION_CULL\SOFTWAREOCCLUSIONCULLING\X64\RELEASE\AABBOXRASTERIZERSSEST.OBJ
C:\USERS\JULIEW\DOCUMENTS\GITHUB\INTEL_OCCLUSION_CULL\SOFTWAREOCCLUSIONCULLING\X64\RELEASE\AABBOXRASTERIZERSSEMT.OBJ
C:\USERS\JULIEW\DOCUMENTS\GITHUB\INTEL_OCCLUSION_CULL\SOFTWAREOCCLUSIONCULLING\X64\RELEASE\AABBOXRASTERIZERSSE.OBJ
C:\USERS\JULIEW\DOCUMENTS\GITHUB\INTEL_OCCLUSION_CULL\SOFTWAREOCCLUSIONCULLING\X64\RELEASE\AABBOXRASTERIZERSCALARST.OBJ
C:\USERS\JULIEW\DOCUMENTS\GITHUB\INTEL_OCCLUSION_CULL\SOFTWAREOCCLUSIONCULLING\X64\RELEASE\AABBOXRASTERIZERSCALARMT.OBJ
C:\USERS\JULIEW\DOCUMENTS\GITHUB\INTEL_OCCLUSION_CULL\SOFTWAREOCCLUSIONCULLING\X64\RELEASE\AABBOXRASTERIZERSCALAR.OBJ
C:\USERS\JULIEW\DOCUMENTS\GITHUB\INTEL_OCCLUSION_CULL\SOFTWAREOCCLUSIONCULLING\X64\RELEASE\AABBOXRASTERIZER.OBJ
C:\USERS\JULIEW\DOCUMENTS\GITHUB\INTEL_OCCLUSION_CULL\SOFTWAREOCCLUSIONCULLING\X64\RELEASE\TRANSFORMEDMODELSSE.OBJ
C:\USERS\JULIEW\DOCUMENTS\GITHUB\INTEL_OCCLUSION_CULL\SOFTWAREOCCLUSIONCULLING\X64\RELEASE\TRANSFORMEDMODELSCALAR.OBJ
C:\USERS\JULIEW\DOCUMENTS\GITHUB\INTEL_OCCLUSION_CULL\SOFTWAREOCCLUSIONCULLING\X64\RELEASE\TRANSFORMEDMESHSSE.OBJ
C:\USERS\JULIEW\DOCUMENTS\GITHUB\INTEL_OCCLUSION_CULL\SOFTWAREOCCLUSIONCULLING\X64\RELEASE\TRANSFORMEDMESHSCALAR.OBJ
C:\USERS\JULIEW\DOCUMENTS\GITHUB\INTEL_OCCLUSION_CULL\SOFTWAREOCCLUSIONCULLING\X64\RELEASE\VC100.PDB
C:\USERS\JULIEW\DOCUMENTS\GITHUB\INTEL_OCCLUSION_CULL\SOFTWAREOCCLUSIONCULLING\SOFTWAREOCCLUSIONCULLINGDX_2010_R64.EXE
C:\USERS\JULIEW\DOCUMENTS\GITHUB\INTEL_OCCLUSION_CULL\SOFTWAREOCCLUSIONCULLING\X64\RELEASE\SOFTWAREOCCLUSIONCULLINGDX_2010_R64.EXE.INTERMEDIATE.MANIFEST
C:\USERS\JULIEW\DOCUMENTS\GITHUB\INTEL_OCCLUSION_CULL\SOFTWAREOCCLUSIONCULLING\SOFTWAREOCCLUSIONCULLINGDX_2010_R64.PDB
C:\USERS\JULIEW\DOCUMENTS\GITHUB\INTEL_OCCLUSION_CULL\SOFTWAREOCCLUSIONCULLING\X64\RELEASE\SOFTWAREOCCLUSIONCULLINGDX_2010.RES
C:\Users\juliew\Documents\GitHub\intel_occlusion_cull\SoftwareOcclusionCulling\x64\Release\AABBoxRasterizer.obj
C:\Users\juliew\Documents\GitHub\intel_occlusion_cull\SoftwareOcclusionCulling\x64\Release\AABBoxRasterizerScalar.obj
C:\Users\juliew\Documents\GitHub\intel_occlusion_cull\SoftwareOcclusionCulling\x64\Release\AABBoxRasterizerScalarMT.obj
C:\Users\juliew\Documents\GitHub\intel_occlusion_cull\SoftwareOcclusionCulling\x64\Release\AABBoxRasterizerScalarST.obj
C:\Users\juliew\Documents\GitHub\intel_occlusion_cull\SoftwareOcclusionCulling\x64\Release\AABBoxRasterizerSSE.obj
C:\Users\juliew\Documents\GitHub\intel_occlusion_cull\SoftwareOcclusionCulling\x64\Release\AABBoxRasterizerSSEMT.obj
C:\Users\juliew\Documents\GitHub\intel_occlusion_cull\SoftwareOcclusionCulling\x64\Release\AABBoxRasterizerSSEST.obj
C:\Users\juliew\Documents\GitHub\intel_occlusion_cull\SoftwareOcclusionCulling\x64\Release\DepthBufferRasterizer.obj
C:\Users\juliew\Documents\GitHub\intel_occlusion_cull\SoftwareOcclusionCulling\x64\Release\DepthBufferRasterizerScalar.obj
C:\Users\juliew\Documents\GitHub\intel_occlusion_cull\SoftwareOcclusionCulling\x64\Release\DepthBufferRasterizerScalarMT.obj
C:\Users\juliew\Documents\GitHub\intel_occlusion_cull\SoftwareOcclusionCulling\x64\Release\DepthBufferRasterizerScalarST.obj
C:\Users\juliew\Documents\GitHub\intel_occlusion_cull\SoftwareOcclusionCulling\x64\Release\DepthBufferRasterizerSSE.obj
C:\Users\juliew\Documents\GitHub\intel_occlusion_cull\SoftwareOcclusionCulling\x64\Release\DepthBufferRasterizerSSEMT.obj
C:\Users\juliew\Documents\GitHub\intel_occlusion_cull\SoftwareOcclusionCulling\x64\Release\DepthBufferRasterizerSSEST.obj
C:\Users\juliew\Documents\GitHub\intel_occlusion_cull\SoftwareOcclusionCulling\x64\Release\HelperScalar.obj
C:\Users\juliew\Documents\GitHub\intel_occlusion_cull\SoftwareOcclusionCulling\x64\Release\HelperSSE.obj
C:\Users\juliew\Documents\GitHub\intel_occlusion_cull\SoftwareOcclusionCulling\x64\Release\main.obj
C:\Users\juliew\Documents\GitHub\intel_occlusion_cull\SoftwareOcclusionCulling\x64\Release\SoftwareOcclusionCulling.obj
C:\Users\juliew\Documents\GitHub\intel_occlusion_cull\SoftwareOcclusionCulling\x64\Release\TransformedAABBoxScalar.obj
C:\Users\juliew\Documents\GitHub\intel_occlusion_cull\SoftwareOcclusionCulling\x64\Release\TransformedAABBoxSSE.obj
C:\Users\juliew\Documents\GitHub\intel_occlusion_cull\SoftwareOcclusionCulling\x64\Release\TransformedMeshScalar.obj
C:\Users\juliew\Documents\GitHub\intel_occlusion_cull\SoftwareOcclusionCulling\x64\Release\TransformedMeshSSE.obj
C:\Users\juliew\Documents\GitHub\intel_occlusion_cull\SoftwareOcclusionCulling\x64\Release\TransformedModelScalar.obj
C:\Users\juliew\Documents\GitHub\intel_occlusion_cull\SoftwareOcclusionCulling\x64\Release\TransformedModelSSE.obj
C:\Users\juliew\Documents\GitHub\intel_occlusion_cull\SoftwareOcclusionCulling\x64\Release\cl.command.1.tlog
C:\Users\juliew\Documents\GitHub\intel_occlusion_cull\SoftwareOcclusionCulling\x64\Release\CL.read.1.tlog
C:\Users\juliew\Documents\GitHub\intel_occlusion_cull\SoftwareOcclusionCulling\x64\Release\CL.write.1.tlog
C:\Users\juliew\Documents\GitHub\intel_occlusion_cull\SoftwareOcclusionCulling\x64\Release\link-cvtres.read.1.tlog
C:\Users\juliew\Documents\GitHub\intel_occlusion_cull\SoftwareOcclusionCulling\x64\Release\link-cvtres.write.1.tlog
C:\Users\juliew\Documents\GitHub\intel_occlusion_cull\SoftwareOcclusionCulling\x64\Release\link.command.1.tlog
C:\Users\juliew\Documents\GitHub\intel_occlusion_cull\SoftwareOcclusionCulling\x64\Release\link.read.1.tlog
C:\Users\juliew\Documents\GitHub\intel_occlusion_cull\SoftwareOcclusionCulling\x64\Release\link.write.1.tlog
C:\Users\juliew\Documents\GitHub\intel_occlusion_cull\SoftwareOcclusionCulling\x64\Release\mt.command.1.tlog
C:\Users\juliew\Documents\GitHub\intel_occlusion_cull\SoftwareOcclusionCulling\x64\Release\mt.read.1.tlog
C:\Users\juliew\Documents\GitHub\intel_occlusion_cull\SoftwareOcclusionCulling\x64\Release\mt.write.1.tlog
C:\Users\juliew\Documents\GitHub\intel_occlusion_cull\SoftwareOcclusionCulling\x64\Release\rc.command.1.tlog
C:\Users\juliew\Documents\GitHub\intel_occlusion_cull\SoftwareOcclusionCulling\x64\Release\rc.read.1.tlog
C:\Users\juliew\Documents\GitHub\intel_occlusion_cull\SoftwareOcclusionCulling\x64\Release\rc.write.1.tlog
C:\Users\juliew\Documents\GitHub\intel_occlusion_cull\SoftwareOcclusionCulling\x64\Release\SoftwareOcclusionCullingDX_2010_R64.exe.intermediate.manifest
C:\Users\juliew\Documents\GitHub\intel_occlusion_cull\SoftwareOcclusionCulling\x64\Release\SoftwareOcclusionCullingDX_2010.res
C:\Users\juliew\Documents\GitHub\intel_occlusion_cull\SoftwareOcclusionCulling\x64\Release\vc100.pdb
C:\Users\juliew\Documents\GitHub\intel_occlusion_cull\SoftwareOcclusionCulling\SoftwareOcclusionCullingDX_2010_R64.pdb
C:\Users\juliew\Documents\GitHub\intel_occlusion_cull\SoftwareOcclusionCulling\SoftwareOcclusionCullingDX_2010_R64.exe
