C:\USERS\JULIEW\DOCUMENTS\GITHUB\INTEL_OCCLUSION_CULL\OBJ\WIN32\SAMPLECOMPONENTS\DEBUG\DYNAMICTASKMGRBASE.OBJ
C:\USERS\JULIEW\DOCUMENTS\GITHUB\INTEL_OCCLUSION_CULL\OBJ\WIN32\SAMPLECOMPONENTS\DEBUG\TASKMGRCRT.OBJ
C:\USERS\JULIEW\DOCUMENTS\GITHUB\INTEL_OCCLUSION_CULL\OBJ\WIN32\SAMPLECOMPONENTS\DEBUG\TASKMGRSS.OBJ
C:\USERS\JULIEW\DOCUMENTS\GITHUB\INTEL_OCCLUSION_CULL\OBJ\WIN32\SAMPLECOMPONENTS\DEBUG\TASKMGRTBB.OBJ
C:\USERS\JULIEW\DOCUMENTS\GITHUB\INTEL_OCCLUSION_CULL\OBJ\WIN32\SAMPLECOMPONENTS\DEBUG\TASKSCHEDULER.OBJ
C:\USERS\JULIEW\DOCUMENTS\GITHUB\INTEL_OCCLUSION_CULL\OBJ\WIN32\SAMPLECOMPONENTS\DEBUG\VC100.PDB
C:\USERS\JULIEW\DOCUMENTS\GITHUB\INTEL_OCCLUSION_CULL\BIN\WIN32\SAMPLECOMPONENTS\DEBUG\SAMPLECOMPONENTS.LIB
C:\Users\juliew\Documents\GitHub\intel_occlusion_cull\obj\Win32\SampleComponents\Debug\DynamicTaskMgrBase.obj
C:\Users\juliew\Documents\GitHub\intel_occlusion_cull\obj\Win32\SampleComponents\Debug\TaskMgrCRT.obj
C:\Users\juliew\Documents\GitHub\intel_occlusion_cull\obj\Win32\SampleComponents\Debug\TaskMgrSS.obj
C:\Users\juliew\Documents\GitHub\intel_occlusion_cull\obj\Win32\SampleComponents\Debug\TaskMgrTBB.obj
C:\Users\juliew\Documents\GitHub\intel_occlusion_cull\obj\Win32\SampleComponents\Debug\TaskScheduler.obj
C:\Users\juliew\Documents\GitHub\intel_occlusion_cull\obj\Win32\SampleComponents\Debug\cl.command.1.tlog
C:\Users\juliew\Documents\GitHub\intel_occlusion_cull\obj\Win32\SampleComponents\Debug\CL.read.1.tlog
C:\Users\juliew\Documents\GitHub\intel_occlusion_cull\obj\Win32\SampleComponents\Debug\CL.write.1.tlog
C:\Users\juliew\Documents\GitHub\intel_occlusion_cull\obj\Win32\SampleComponents\Debug\Lib-link.read.1.tlog
C:\Users\juliew\Documents\GitHub\intel_occlusion_cull\obj\Win32\SampleComponents\Debug\Lib-link.write.1.tlog
C:\Users\juliew\Documents\GitHub\intel_occlusion_cull\obj\Win32\SampleComponents\Debug\lib.command.1.tlog
C:\Users\juliew\Documents\GitHub\intel_occlusion_cull\obj\Win32\SampleComponents\Debug\vc100.idb
C:\Users\juliew\Documents\GitHub\intel_occlusion_cull\obj\Win32\SampleComponents\Debug\vc100.pdb
C:\Users\juliew\Documents\GitHub\intel_occlusion_cull\SampleComponentsDLL\..\bin\Win32\SampleComponents\Debug\SampleComponents.lib
